#
# There is insufficient memory for the Java Runtime Environment to continue.
# Native memory allocation (mmap) failed to map 266338304 bytes for G1 virtual space
# Possible reasons:
#   The system is out of physical RAM or swap space
#   The process is running with CompressedOops enabled, and the Java Heap may be blocking the growth of the native heap
# Possible solutions:
#   Reduce memory load on the system
#   Increase physical memory or swap space
#   Check if swap backing store is full
#   Decrease Java heap size (-Xmx/-Xms)
#   Decrease number of Java threads
#   Decrease Java thread stack sizes (-Xss)
#   Set larger code cache with -XX:ReservedCodeCacheSize=
#   JVM is running with Zero Based Compressed Oops mode in which the Java heap is
#     placed in the first 32GB address space. The Java Heap base address is the
#     maximum limit for the native heap growth. Please use -XX:HeapBaseMinAddress
#     to set the Java Heap base and to place the Java Heap above 32GB virtual address.
# This output file may be truncated or incomplete.
#
#  Out of Memory Error (os_windows.cpp:3550), pid=8296, tid=22228
#
# JRE version:  (17.0.6+9) (build )
# Java VM: Java HotSpot(TM) 64-Bit Server VM (17.0.6+9-LTS-190, mixed mode, sharing, tiered, compressed oops, compressed class ptrs, g1 gc, windows-amd64)
# No core dump will be written. Minidumps are not enabled by default on client versions of Windows
#

---------------  S U M M A R Y ------------

Command Line: C:\Users\trist\AppData\Local\Temp\surefire2492068803465500307\surefirebooter-20231107200834689_3.jar C:\Users\trist\AppData\Local\Temp\surefire2492068803465500307 2023-11-07T20-08-34_298-jvmRun1 surefire-20231107200834689_1tmp surefire_0-20231107200834689_2tmp

Host: Intel(R) Core(TM) i7-10750H CPU @ 2.60GHz, 12 cores, 15G,  Windows 10 , 64 bit Build 19041 (10.0.19041.3570)
Time: Tue Nov  7 20:08:34 2023 Est elapsed time: 0.015574 seconds (0d 0h 0m 0s)

---------------  T H R E A D  ---------------

Current thread (0x000001a654abda20):  JavaThread "Unknown thread" [_thread_in_vm, id=22228, stack(0x00000087b8c00000,0x00000087b8d00000)]

Stack: [0x00000087b8c00000,0x00000087b8d00000]
Native frames: (J=compiled Java code, j=interpreted, Vv=VM code, C=native code)
V  [jvm.dll+0x6734ea]
V  [jvm.dll+0x7d18f4]
V  [jvm.dll+0x7d309e]
V  [jvm.dll+0x7d3703]
V  [jvm.dll+0x2433c5]
V  [jvm.dll+0x6703f9]
V  [jvm.dll+0x664d32]
V  [jvm.dll+0x300086]
V  [jvm.dll+0x307606]
V  [jvm.dll+0x356c1e]
V  [jvm.dll+0x356e4f]
V  [jvm.dll+0x2d72e8]
V  [jvm.dll+0x2d8254]
V  [jvm.dll+0x7a33b1]
V  [jvm.dll+0x3647f1]
V  [jvm.dll+0x782839]
V  [jvm.dll+0x3e757f]
V  [jvm.dll+0x3e9001]
C  [jli.dll+0x5297]
C  [ucrtbase.dll+0x21bb2]
C  [KERNEL32.DLL+0x17344]
C  [ntdll.dll+0x526b1]


---------------  P R O C E S S  ---------------

Threads class SMR info:
_java_thread_list=0x00007ffd378de958, length=0, elements={
}

Java Threads: ( => current thread )

Other Threads:
  0x000001a656c3e2a0 GCTaskThread "GC Thread#0" [stack: 0x00000087b8d00000,0x00000087b8e00000] [id=14480]
  0x000001a656c4ff40 ConcurrentGCThread "G1 Main Marker" [stack: 0x00000087b8e00000,0x00000087b8f00000] [id=29856]
  0x000001a656c510f0 ConcurrentGCThread "G1 Conc#0" [stack: 0x00000087b8f00000,0x00000087b9000000] [id=3776]

[error occurred during error reporting (printing all threads), id 0xc0000005, EXCEPTION_ACCESS_VIOLATION (0xc0000005) at pc=0x00007ffd37117f07]

VM state: not at safepoint (not fully initialized)

VM Mutex/Monitor currently owned by a thread:  ([mutex/lock_event])
[0x000001a656bd2b10] Heap_lock - owner thread: 0x000001a654abda20

Heap address: 0x0000000702a00000, size: 4054 MB, Compressed Oops mode: Zero based, Oop shift amount: 3

CDS archive(s) mapped at: [0x0000000000000000-0x0000000000000000-0x0000000000000000), size 0, SharedBaseAddress: 0x0000000800000000, ArchiveRelocationMode: 0.
Narrow klass base: 0x0000000000000000, Narrow klass shift: 0, Narrow klass range: 0x0

GC Precious Log:
<Empty>

Heap:
 garbage-first heap   total 0K, used 0K [0x0000000702a00000, 0x0000000800000000)
  region size 2048K, 0 young (0K), 0 survivors (0K)

[error occurred during error reporting (printing heap information), id 0xc0000005, EXCEPTION_ACCESS_VIOLATION (0xc0000005) at pc=0x00007ffd374fc759]

GC Heap History (0 events):
No events

Deoptimization events (0 events):
No events

Classes unloaded (0 events):
No events

Classes redefined (0 events):
No events

Internal exceptions (0 events):
No events

VM Operations (0 events):
No events

Events (1 events):
Event: 0.008 Loaded shared library C:\Program Files\Java\jdk-17\bin\java.dll


Dynamic libraries:
0x00007ff700fb0000 - 0x00007ff700fc0000 	C:\Program Files\Java\jdk-17\bin\java.exe
0x00007ffd93310000 - 0x00007ffd93507000 	C:\Windows\SYSTEM32\ntdll.dll
0x00007ffd92290000 - 0x00007ffd9234d000 	C:\Windows\System32\KERNEL32.DLL
0x00007ffd90e20000 - 0x00007ffd91116000 	C:\Windows\System32\KERNELBASE.dll
0x00007ffd909f0000 - 0x00007ffd90af0000 	C:\Windows\System32\ucrtbase.dll
0x00007ffd7ce40000 - 0x00007ffd7ce58000 	C:\Program Files\Java\jdk-17\bin\jli.dll
0x00007ffd93220000 - 0x00007ffd932ce000 	C:\Windows\System32\ADVAPI32.dll
0x00007ffd91ce0000 - 0x00007ffd91d7e000 	C:\Windows\System32\msvcrt.dll
0x00007ffd923b0000 - 0x00007ffd9244c000 	C:\Windows\System32\sechost.dll
0x00007ffd91d80000 - 0x00007ffd91ea6000 	C:\Windows\System32\RPCRT4.dll
0x00007ffd91f40000 - 0x00007ffd920de000 	C:\Windows\System32\USER32.dll
0x00007ffd91120000 - 0x00007ffd91142000 	C:\Windows\System32\win32u.dll
0x00007ffd92cb0000 - 0x00007ffd92cdc000 	C:\Windows\System32\GDI32.dll
0x00007ffd91200000 - 0x00007ffd9131a000 	C:\Windows\System32\gdi32full.dll
0x00007ffd90af0000 - 0x00007ffd90b8d000 	C:\Windows\System32\msvcp_win.dll
0x00007ffd7ce20000 - 0x00007ffd7ce3b000 	C:\Program Files\Java\jdk-17\bin\VCRUNTIME140.dll
0x00007ffd80990000 - 0x00007ffd80c2a000 	C:\Windows\WinSxS\amd64_microsoft.windows.common-controls_6595b64144ccf1df_6.0.19041.3570_none_60bb2a3971f3e41a\COMCTL32.dll
0x00007ffd89190000 - 0x00007ffd8919a000 	C:\Windows\SYSTEM32\VERSION.dll
0x00007ffd924e0000 - 0x00007ffd92510000 	C:\Windows\System32\IMM32.DLL
0x00007ffd84990000 - 0x00007ffd8499c000 	C:\Program Files\Java\jdk-17\bin\vcruntime140_1.dll
0x00007ffd4ee10000 - 0x00007ffd4ee9e000 	C:\Program Files\Java\jdk-17\bin\msvcp140.dll
0x00007ffd36e30000 - 0x00007ffd37a07000 	C:\Program Files\Java\jdk-17\bin\server\jvm.dll
0x00007ffd92570000 - 0x00007ffd92578000 	C:\Windows\System32\PSAPI.DLL
0x00007ffd703b0000 - 0x00007ffd703b9000 	C:\Windows\SYSTEM32\WSOCK32.dll
0x00007ffd92450000 - 0x00007ffd924bb000 	C:\Windows\System32\WS2_32.dll
0x00007ffd84d20000 - 0x00007ffd84d47000 	C:\Windows\SYSTEM32\WINMM.dll
0x00007ffd8f1d0000 - 0x00007ffd8f1e2000 	C:\Windows\SYSTEM32\kernel.appcore.dll
0x00007ffd7cc70000 - 0x00007ffd7cc7a000 	C:\Program Files\Java\jdk-17\bin\jimage.dll
0x00007ffd8eef0000 - 0x00007ffd8f0d4000 	C:\Windows\SYSTEM32\DBGHELP.DLL
0x00007ffd6b540000 - 0x00007ffd6b574000 	C:\Windows\SYSTEM32\dbgcore.DLL
0x00007ffd90b90000 - 0x00007ffd90c12000 	C:\Windows\System32\bcryptPrimitives.dll
0x00007ffd607c0000 - 0x00007ffd607e5000 	C:\Program Files\Java\jdk-17\bin\java.dll

dbghelp: loaded successfully - version: 4.0.5 - missing functions: none
symbol engine: initialized successfully - sym options: 0x614 - pdb path: .;C:\Program Files\Java\jdk-17\bin;C:\Windows\SYSTEM32;C:\Windows\WinSxS\amd64_microsoft.windows.common-controls_6595b64144ccf1df_6.0.19041.3570_none_60bb2a3971f3e41a;C:\Program Files\Java\jdk-17\bin\server

VM Arguments:
java_command: C:\Users\trist\AppData\Local\Temp\surefire2492068803465500307\surefirebooter-20231107200834689_3.jar C:\Users\trist\AppData\Local\Temp\surefire2492068803465500307 2023-11-07T20-08-34_298-jvmRun1 surefire-20231107200834689_1tmp surefire_0-20231107200834689_2tmp
java_class_path (initial): C:\Users\trist\AppData\Local\Temp\surefire2492068803465500307\surefirebooter-20231107200834689_3.jar
Launcher Type: SUN_STANDARD

[Global flags]
     intx CICompilerCount                          = 4                                         {product} {ergonomic}
     uint ConcGCThreads                            = 3                                         {product} {ergonomic}
     uint G1ConcRefinementThreads                  = 10                                        {product} {ergonomic}
   size_t G1HeapRegionSize                         = 2097152                                   {product} {ergonomic}
    uintx GCDrainStackTargetSize                   = 64                                        {product} {ergonomic}
   size_t InitialHeapSize                          = 266338304                                 {product} {ergonomic}
   size_t MarkStackSize                            = 4194304                                   {product} {ergonomic}
   size_t MaxHeapSize                              = 4250927104                                {product} {ergonomic}
   size_t MinHeapDeltaBytes                        = 2097152                                   {product} {ergonomic}
   size_t MinHeapSize                              = 8388608                                   {product} {ergonomic}
    uintx NonNMethodCodeHeapSize                   = 5839372                                {pd product} {ergonomic}
    uintx NonProfiledCodeHeapSize                  = 122909434                              {pd product} {ergonomic}
    uintx ProfiledCodeHeapSize                     = 122909434                              {pd product} {ergonomic}
    uintx ReservedCodeCacheSize                    = 251658240                              {pd product} {ergonomic}
     bool SegmentedCodeCache                       = true                                      {product} {ergonomic}
   size_t SoftMaxHeapSize                          = 4250927104                             {manageable} {ergonomic}
     bool UseCompressedClassPointers               = true                           {product lp64_product} {ergonomic}
     bool UseCompressedOops                        = true                           {product lp64_product} {ergonomic}
     bool UseG1GC                                  = true                                      {product} {ergonomic}
     bool UseLargePagesIndividualAllocation        = false                                  {pd product} {ergonomic}

Logging:
Log output configuration:
 #0: stdout all=warning uptime,level,tags
 #1: stderr all=off uptime,level,tags

Environment Variables:
JAVA_HOME=C:\Program Files\Java\jdk-17
PATH=C:\oraclexe\app\oracle\product\10.2.0\server\bin;C:\Program Files\Java\jdk-17\bin;C:\Program Files\Microsoft\jdk-11.0.16.101-hotspot\bin;C:\Program Files\Common Files\Oracle\Java\javapath;C:\Program Files (x86)\Common Files\Oracle\Java\javapath;C:\Program Files\Microsoft MPI\Bin\;C:\Program Files (x86)\VMware\VMware Player\bin\;C:\Windows\system32;C:\Windows;C:\Windows\System32\Wbem;C:\Windows\System32\WindowsPowerShell\v1.0\;C:\Windows\System32\OpenSSH\;C:\Program Files (x86)\NVIDIA Corporation\PhysX\Common;C:\Program Files\NVIDIA Corporation\NVIDIA NvDLISR;C:\Program Files\Go\bin;C:\Program Files\Git\cmd;C:\Users\trist\Downloads\apache-maven-3.8.4-bin\apache-maven-3.8.4\bin;C:\Program Files\dotnet\;C:\Program Files\Microsoft SQL Server\Client SDK\ODBC\170\Tools\Binn\;C:\Program Files\Microsoft SQL Server\150\Tools\Binn\;C:\Program Files (x86)\Microsoft SQL Server\160\Tools\Binn\;C:\Program Files\Microsoft SQL Server\160\Tools\Binn\;C:\Program Files\Microsoft SQL Server\160\DTS\Binn\;C:\Program Files (x86)\Microsoft SQL Server\160\DTS\Binn\;C:\Program Files\Azure Data Studio\bin;C:\Program Files\Docker\Docker\resources\bin;C:\Program Files\PuTTY\;C:\php;C:\ProgramData\ComposerSetup\bin;C:\Users\trist\AppData\Roaming\nvm;C:\Program Files\nodejs;C:\Program Files (x86)\Windows Kits\10\Windows Performance Toolkit\;C:\Program Files\Java\jdk-17\bin;C:\Users\trist\.jbang\bin;C:\Users\trist\AppData\Local\Microsoft\WindowsApps;C:\Users\trist\AppData\Local\Programs\Microsoft VS Code\bin;C:\Users\trist\go\bin;C:\Users\trist\AppData\Roaming\npm;C:\Program Files\JetBrains\IntelliJ IDEA 2021.3.1\bin;C:\Users\trist\Downloads\apache-maven-3.8.4-bin\apache-maven-3.8.4\bin;C:\Users\trist\.dotnet\tools;C:\Program Files\Azure Data Studio\bin;C:\Users\trist\AppData\Local\Programs\Microsoft VS Code Insiders\bin;C:\Users\trist\AppData\Roaming\Composer\vendor\bin;C:\Users\trist\AppData\Roaming\nvm;C:\Program Files\nodejs;C:\Users\trist\AppData\Local\JetBrains\Toolbox\scripts;C:\Users\tr
USERNAME=trist
OS=Windows_NT
PROCESSOR_IDENTIFIER=Intel64 Family 6 Model 165 Stepping 2, GenuineIntel



---------------  S Y S T E M  ---------------

OS:
 Windows 10 , 64 bit Build 19041 (10.0.19041.3570)
OS uptime: 3 days 22:58 hours
Hyper-V role detected

CPU: total 12 (initial active 12) (6 cores per cpu, 2 threads per core) family 6 model 165 stepping 2 microcode 0xe2, cx8, cmov, fxsr, ht, mmx, 3dnowpref, sse, sse2, sse3, ssse3, sse4.1, sse4.2, popcnt, lzcnt, tsc, tscinvbit, avx, avx2, aes, erms, clmul, bmi1, bmi2, adx, fma, vzeroupper, clflush, clflushopt, hv

Memory: 4k page, system-wide physical 16215M (325M free)
TotalPageFile size 27899M (AvailPageFile size 168M)
current process WorkingSet (physical memory assigned to process): 10M, peak: 10M
current process commit charge ("private bytes"): 64M, peak: 318M

vm_info: Java HotSpot(TM) 64-Bit Server VM (17.0.6+9-LTS-190) for windows-amd64 JRE (17.0.6+9-LTS-190), built on Dec  6 2022 15:53:54 by "mach5one" with MS VC++ 17.1 (VS2022)

END.
